<?xml version="1.0" encoding="UTF-8"?>
<!-- Generated by org.testng.reporters.JUnitReportReporter -->
<testsuite hostname="INSPIRON-5567" failures="0" tests="1" name="demopack.NewTest" time="14.671" errors="0" timestamp="2023-03-23T15:37:03 IST" skipped="0">
  <testcase classname="demopack.NewTest" name="f" time="14.671"/>
  <system-out/>
</testsuite> <!-- demopack.NewTest -->
